<?xml version="1.0" encoding="UTF-8"?>
<testsuite xmlns:xsi="http://www.w3.org/2001/XMLSchema-instance" xsi:noNamespaceSchemaLocation="https://maven.apache.org/surefire/maven-surefire-plugin/xsd/surefire-test-report.xsd" name="com.mk.testAssignment.TestAssignmentApplicationTests" time="10.744" tests="2" errors="0" skipped="0" failures="0">
  <properties>
[...]
</properties>
  <testcase name="contextLoads" classname="com.mk.testAssignment.TestAssignmentApplicationTests" time="0.041"/>
  <testcase name="saveAllSector" classname="com.mk.testAssignment.TestAssignmentApplicationTests" time="0.033"/>
</testsuite>